0 info it worked if it ends with ok
1 verbose cli [ 'C:\\Program Files (x86)\\Microsoft Visual Studio\\2017\\Enterprise\\Web\\External\\Node.exe',
1 verbose cli   'C:\\Program Files (x86)\\Microsoft Visual Studio\\2017\\Enterprise\\Web\\External\\node_modules\\npm\\bin\\npm-cli.js',
1 verbose cli   'install' ]
2 info using npm@3.3.4
3 info using node@v5.4.1
4 silly loadCurrentTree Starting
5 silly install loadCurrentTree
6 silly install readLocalPackageData
7 silly install normalizeTree
8 silly loadCurrentTree Finishing
9 silly loadIdealTree Starting
10 silly install loadIdealTree
11 silly cloneCurrentTree Starting
12 silly install cloneCurrentTreeToIdealTree
13 silly cloneCurrentTree Finishing
14 silly loadShrinkwrap Starting
15 silly install loadShrinkwrap
16 silly loadShrinkwrap Finishing
17 silly loadAllDepsIntoIdealTree Starting
18 silly install loadAllDepsIntoIdealTree
19 silly fetchNamedPackageData com.unity.modules.timeline
20 silly mapToRegistry name com.unity.modules.timeline
21 silly mapToRegistry using default registry
22 silly mapToRegistry registry https://staging-packages.unity.com/
23 silly mapToRegistry uri https://staging-packages.unity.com/com.unity.modules.timeline
24 verbose request uri https://staging-packages.unity.com/com.unity.modules.timeline
25 verbose request always-auth set; sending authorization
26 info attempt registry request try #1 at 5:20:12 PM
27 verbose request id e2cf03e060bd8a35
28 http request GET https://staging-packages.unity.com/com.unity.modules.timeline
29 http 200 https://staging-packages.unity.com/com.unity.modules.timeline
30 verbose headers { server: 'nginx',
30 verbose headers   date: 'Tue, 06 Feb 2018 22:20:12 GMT',
30 verbose headers   'content-type': 'application/json',
30 verbose headers   'transfer-encoding': 'chunked',
30 verbose headers   connection: 'keep-alive',
30 verbose headers   'content-encoding': 'gzip' }
31 silly get cb [ 200,
31 silly get   { server: 'nginx',
31 silly get     date: 'Tue, 06 Feb 2018 22:20:12 GMT',
31 silly get     'content-type': 'application/json',
31 silly get     'transfer-encoding': 'chunked',
31 silly get     connection: 'keep-alive',
31 silly get     'content-encoding': 'gzip' } ]
32 verbose get saving undefined to C:\Users\gregoryl\AppData\Roaming\npm-cache\staging-packages.unity.com\com.unity.modules.timeline\.cache.json
33 verbose stack TypeError: Cannot convert undefined or null to object
33 verbose stack     at Function.keys (native)
33 verbose stack     at pickVersionFromRegistryDocument (C:\Program Files (x86)\Microsoft Visual Studio\2017\Enterprise\Web\External\node_modules\npm\lib\fetch-package-metadata.js:111:29)
33 verbose stack     at C:\Program Files (x86)\Microsoft Visual Studio\2017\Enterprise\Web\External\node_modules\iferr\index.js:13:50
33 verbose stack     at C:\Program Files (x86)\Microsoft Visual Studio\2017\Enterprise\Web\External\node_modules\npm\lib\utils\pulse-till-done.js:19:8
33 verbose stack     at saved (C:\Program Files (x86)\Microsoft Visual Studio\2017\Enterprise\Web\External\node_modules\npm\lib\cache\caching-client.js:168:7)
33 verbose stack     at C:\Program Files (x86)\Microsoft Visual Studio\2017\Enterprise\Web\External\node_modules\npm\node_modules\graceful-fs\polyfills.js:210:7
33 verbose stack     at FSReqWrap.oncomplete (fs.js:82:15)
34 verbose cwd C:\GML\TestProjects\Development\Assets\Cinemachine
35 error Windows_NT 10.0.16299
36 error argv "C:\\Program Files (x86)\\Microsoft Visual Studio\\2017\\Enterprise\\Web\\External\\Node.exe" "C:\\Program Files (x86)\\Microsoft Visual Studio\\2017\\Enterprise\\Web\\External\\node_modules\\npm\\bin\\npm-cli.js" "install"
37 error node v5.4.1
38 error npm  v3.3.4
39 error Cannot convert undefined or null to object
40 error If you need help, you may report this error at:
40 error     <https://github.com/npm/npm/issues>
41 verbose exit [ 1, true ]
